2022-07-17 06:58:23 [INFO] START RUN
2022-07-17 06:58:23 [INFO] num_atoms 100000.0 omega_x 2*pi*125.00 omegas 1 1 2
2022-07-17 06:58:23 [INFO] mass 162.0 scattering_length 85.0 dipole_length 131.0  
2022-07-17 06:58:23 [INFO] nx 128 nz 96 limx 12 limz 12 Bcutoff 12
2022-07-17 06:58:24 [INFO] square [0,0]: depth 0.40 spacings 0.57
2022-07-17 06:58:42 [INFO] Iteration 10 Calls 891 Energy 22.19024490 diff -2.1e-09
2022-07-17 06:58:42 [INFO] square [0,1]: depth 1.30 spacings 0.57
2022-07-17 06:58:59 [INFO] Iteration 9 Calls 848 Energy 22.18852736 diff -8.1e-10
2022-07-17 06:58:59 [INFO] square [0,2]: depth 2.20 spacings 0.57
2022-07-17 06:59:19 [INFO] Iteration 11 Calls 973 Energy 22.18497024 diff -9.0e-10
2022-07-17 06:59:19 [INFO] square [0,3]: depth 3.10 spacings 0.57
2022-07-17 06:59:41 [INFO] Iteration 12 Calls 1089 Energy 22.17964863 diff -3.1e-09
2022-07-17 06:59:41 [INFO] square [0,4]: depth 4.00 spacings 0.57
2022-07-17 07:00:00 [INFO] Iteration 11 Calls 955 Energy 22.17257251 diff -2.5e-09
2022-07-17 07:00:00 [INFO] square [1,0]: depth 0.40 spacings 1.13
2022-07-17 07:00:23 [INFO] Iteration 12 Calls 1173 Energy 22.19078265 diff -2.5e-09
2022-07-17 07:00:23 [INFO] square [1,1]: depth 1.30 spacings 1.13
2022-07-17 07:00:48 [INFO] Iteration 14 Calls 1232 Energy 22.18173387 diff -3.7e-09
2022-07-17 07:00:48 [INFO] square [1,2]: depth 2.20 spacings 1.13
2022-07-17 07:01:06 [INFO] Iteration 9 Calls 881 Energy 22.15747755 diff -8.6e-10
2022-07-17 07:01:06 [INFO] square [1,3]: depth 3.10 spacings 1.13
2022-07-17 07:01:24 [INFO] Iteration 9 Calls 891 Energy 22.16423205 diff -9.6e-09
2022-07-17 07:01:24 [INFO] square [1,4]: depth 4.00 spacings 1.13
2022-07-17 07:01:36 [INFO] Iteration 6 Calls 581 Energy 22.15912843 diff -2.1e-09
2022-07-17 07:01:36 [INFO] square [2,0]: depth 0.40 spacings 1.70
2022-07-17 07:01:51 [INFO] Iteration 8 Calls 745 Energy 22.17290635 diff -2.0e-09
2022-07-17 07:01:51 [INFO] square [2,1]: depth 1.30 spacings 1.70
2022-07-17 07:01:59 [INFO] Iteration 5 Calls 399 Energy 22.18000330 diff -3.1e-09
2022-07-17 07:01:59 [INFO] square [2,2]: depth 2.20 spacings 1.70
2022-07-17 07:02:06 [INFO] Iteration 4 Calls 351 Energy 22.06461229 diff -3.5e-09
2022-07-17 07:02:06 [INFO] square [2,3]: depth 3.10 spacings 1.70
2022-07-17 07:02:15 [INFO] Iteration 5 Calls 476 Energy 21.92506666 diff -9.2e-10
2022-07-17 07:02:15 [INFO] square [2,4]: depth 4.00 spacings 1.70
2022-07-17 07:02:20 [INFO] Iteration 3 Calls 238 Energy 21.70564643 diff -1.8e-09
2022-07-17 07:02:20 [INFO] square [3,0]: depth 0.40 spacings 2.26
2022-07-17 07:02:46 [INFO] Iteration 13 Calls 1283 Energy 22.16881932 diff -1.8e-09
2022-07-17 07:02:46 [INFO] square [3,1]: depth 1.30 spacings 2.26
2022-07-17 07:02:53 [INFO] Iteration 4 Calls 336 Energy 22.05842056 diff -1.6e-09
2022-07-17 07:02:53 [INFO] square [3,2]: depth 2.20 spacings 2.26
2022-07-17 07:02:58 [INFO] Iteration 3 Calls 223 Energy 21.85634400 diff -1.3e-09
2022-07-17 07:02:58 [INFO] square [3,3]: depth 3.10 spacings 2.26
2022-07-17 07:03:01 [INFO] Iteration 2 Calls 178 Energy 21.63686915 diff -1.5e-09
2022-07-17 07:03:01 [INFO] square [3,4]: depth 4.00 spacings 2.26
2022-07-17 07:03:05 [INFO] Iteration 2 Calls 167 Energy 21.37456939 diff 0.0e+00
2022-07-17 07:03:05 [INFO] square [4,0]: depth 0.40 spacings 2.83
2022-07-17 07:03:18 [INFO] Iteration 7 Calls 642 Energy 22.12096245 diff -2.4e-09
2022-07-17 07:03:18 [INFO] square [4,1]: depth 1.30 spacings 2.83
2022-07-17 07:03:27 [INFO] Iteration 5 Calls 465 Energy 21.87431452 diff -4.2e-09
2022-07-17 07:03:27 [INFO] square [4,2]: depth 2.20 spacings 2.83
2022-07-17 07:03:31 [INFO] Iteration 2 Calls 199 Energy 21.61439312 diff 0.0e+00
2022-07-17 07:03:31 [INFO] square [4,3]: depth 3.10 spacings 2.83
2022-07-17 07:03:35 [INFO] Iteration 2 Calls 181 Energy 21.34535390 diff -7.7e-10
2022-07-17 07:03:35 [INFO] square [4,4]: depth 4.00 spacings 2.83
2022-07-17 07:03:39 [INFO] Iteration 2 Calls 170 Energy 21.06908634 diff -1.1e-09
2022-07-17 07:03:39 [INFO] square [5,0]: depth 0.40 spacings 3.40
2022-07-17 07:03:51 [INFO] Iteration 6 Calls 627 Energy 22.12247219 diff -3.9e-09
2022-07-17 07:03:51 [INFO] square [5,1]: depth 1.30 spacings 3.40
2022-07-17 07:03:57 [INFO] Iteration 3 Calls 267 Energy 21.86861343 diff -2.3e-09
2022-07-17 07:03:57 [INFO] square [5,2]: depth 2.20 spacings 3.40
2022-07-17 07:04:01 [INFO] Iteration 2 Calls 211 Energy 21.59489172 diff -4.4e-09
2022-07-17 07:04:01 [INFO] square [5,3]: depth 3.10 spacings 3.40
2022-07-17 07:04:05 [INFO] Iteration 2 Calls 185 Energy 21.30935128 diff -8.5e-10
2022-07-17 07:04:05 [INFO] square [5,4]: depth 4.00 spacings 3.40
2022-07-17 07:04:09 [INFO] Iteration 2 Calls 177 Energy 21.01528253 diff -1.6e-09
2022-07-17 07:04:13 [INFO] triangular [0,0]: depth 0.40 spacings 0.57
2022-07-17 07:04:39 [INFO] Iteration 13 Calls 1297 Energy 22.19005887 diff -3.9e-09
2022-07-17 07:04:39 [INFO] triangular [0,1]: depth 1.30 spacings 0.57
2022-07-17 07:05:00 [INFO] Iteration 10 Calls 1044 Energy 22.18928724 diff -5.8e-09
2022-07-17 07:05:00 [INFO] triangular [0,2]: depth 2.20 spacings 0.57
2022-07-17 07:05:18 [INFO] Iteration 9 Calls 902 Energy 22.18171753 diff -2.3e-09
2022-07-17 07:05:18 [INFO] triangular [0,3]: depth 3.10 spacings 0.57
2022-07-17 07:05:37 [INFO] Iteration 9 Calls 919 Energy 22.17477056 diff -4.5e-09
2022-07-17 07:05:37 [INFO] triangular [0,4]: depth 4.00 spacings 0.57
2022-07-17 07:05:59 [INFO] Iteration 13 Calls 1118 Energy 22.16490409 diff -2.4e-09
2022-07-17 07:05:59 [INFO] triangular [1,0]: depth 0.40 spacings 1.13
2022-07-17 07:06:26 [INFO] Iteration 13 Calls 1316 Energy 22.19007481 diff -2.2e-09
2022-07-17 07:06:26 [INFO] triangular [1,1]: depth 1.30 spacings 1.13
2022-07-17 07:06:51 [INFO] Iteration 12 Calls 1224 Energy 22.18913457 diff -4.5e-09
2022-07-17 07:06:51 [INFO] triangular [1,2]: depth 2.20 spacings 1.13
2022-07-17 07:07:01 [INFO] Iteration 5 Calls 494 Energy 22.29340671 diff -2.8e-09
2022-07-17 07:07:01 [INFO] triangular [1,3]: depth 3.10 spacings 1.13
2022-07-17 07:07:13 [INFO] Iteration 6 Calls 577 Energy 22.12687894 diff -4.4e-09
2022-07-17 07:07:13 [INFO] triangular [1,4]: depth 4.00 spacings 1.13
2022-07-17 07:07:25 [INFO] Iteration 6 Calls 622 Energy 22.06487327 diff -8.4e-10
2022-07-17 07:07:25 [INFO] triangular [2,0]: depth 0.40 spacings 1.70
2022-07-17 07:07:39 [INFO] Iteration 7 Calls 676 Energy 22.14758530 diff -3.7e-09
2022-07-17 07:07:39 [INFO] triangular [2,1]: depth 1.30 spacings 1.70
2022-07-17 07:07:50 [INFO] Iteration 6 Calls 542 Energy 22.11132479 diff -2.9e-09
2022-07-17 07:07:50 [INFO] triangular [2,2]: depth 2.20 spacings 1.70
2022-07-17 07:07:58 [INFO] Iteration 4 Calls 380 Energy 22.02555287 diff -2.5e-09
2022-07-17 07:07:58 [INFO] triangular [2,3]: depth 3.10 spacings 1.70
2022-07-17 07:08:02 [INFO] Iteration 2 Calls 181 Energy 21.75985684 diff -3.7e-09
2022-07-17 07:08:02 [INFO] triangular [2,4]: depth 4.00 spacings 1.70
2022-07-17 07:08:05 [INFO] Iteration 2 Calls 156 Energy 21.47001791 diff 0.0e+00
2022-07-17 07:08:05 [INFO] triangular [3,0]: depth 0.40 spacings 2.26
2022-07-17 07:08:17 [INFO] Iteration 6 Calls 579 Energy 22.13831017 diff -2.4e-09
2022-07-17 07:08:17 [INFO] triangular [3,1]: depth 1.30 spacings 2.26
2022-07-17 07:08:22 [INFO] Iteration 3 Calls 224 Energy 21.94765683 diff -7.5e-10
2022-07-17 07:08:22 [INFO] triangular [3,2]: depth 2.20 spacings 2.26
2022-07-17 07:08:26 [INFO] Iteration 2 Calls 175 Energy 21.54985600 diff -9.1e-10
2022-07-17 07:08:26 [INFO] triangular [3,3]: depth 3.10 spacings 2.26
2022-07-17 07:08:29 [INFO] Iteration 2 Calls 161 Energy 21.18087616 diff -8.1e-10
2022-07-17 07:08:29 [INFO] triangular [3,4]: depth 4.00 spacings 2.26
2022-07-17 07:08:33 [INFO] Iteration 2 Calls 176 Energy 20.79588066 diff 0.0e+00
2022-07-17 07:08:33 [INFO] triangular [4,0]: depth 0.40 spacings 2.83
2022-07-17 07:08:41 [INFO] Iteration 4 Calls 408 Energy 22.04248716 diff 0.0e+00
2022-07-17 07:08:41 [INFO] triangular [4,1]: depth 1.30 spacings 2.83
2022-07-17 07:08:46 [INFO] Iteration 2 Calls 208 Energy 21.68939353 diff -8.6e-10
2022-07-17 07:08:46 [INFO] triangular [4,2]: depth 2.20 spacings 2.83
2022-07-17 07:08:49 [INFO] Iteration 2 Calls 174 Energy 21.31519886 diff -8.0e-10
2022-07-17 07:08:49 [INFO] triangular [4,3]: depth 3.10 spacings 2.83
2022-07-17 07:08:53 [INFO] Iteration 2 Calls 182 Energy 20.92409517 diff -8.1e-10
2022-07-17 07:08:53 [INFO] triangular [4,4]: depth 4.00 spacings 2.83
2022-07-17 07:08:57 [INFO] Iteration 2 Calls 188 Energy 20.51773721 diff -4.4e-09
2022-07-17 07:08:57 [INFO] triangular [5,0]: depth 0.40 spacings 3.40
2022-07-17 07:09:05 [INFO] Iteration 4 Calls 393 Energy 22.04363118 diff 0.0e+00
2022-07-17 07:09:05 [INFO] triangular [5,1]: depth 1.30 spacings 3.40
2022-07-17 07:09:10 [INFO] Iteration 2 Calls 203 Energy 21.67207098 diff -2.2e-09
2022-07-17 07:09:10 [INFO] triangular [5,2]: depth 2.20 spacings 3.40
2022-07-17 07:09:13 [INFO] Iteration 2 Calls 163 Energy 21.26891240 diff -2.0e-09
2022-07-17 07:09:13 [INFO] triangular [5,3]: depth 3.10 spacings 3.40
2022-07-17 07:09:16 [INFO] Iteration 2 Calls 161 Energy 20.84598491 diff -9.2e-10
2022-07-17 07:09:16 [INFO] triangular [5,4]: depth 4.00 spacings 3.40
2022-07-17 07:09:20 [INFO] Iteration 2 Calls 156 Energy 20.40873133 diff -2.8e-09
